<?xml version="1.0" encoding="UTF-8"?>
<robot generator="Robot 3.1.1 (Python 3.6.4 on darwin)" generated="20191201 15:50:53.810" rpa="false">
<suite id="s1" name="Tsms Send" source="/Users/lijihua/PycharmProjects/duoceshi/requestoutmation/tsms_robot_project/tsms_send">
<suite id="s1-s1" name="Send Api" source="/Users/lijihua/PycharmProjects/duoceshi/requestoutmation/tsms_robot_project/tsms_send/send_api.robot">
<test id="s1-s1-t1" name="test_02">
<kw name="Set Variable" library="BuiltIn">
<doc>Returns the given values which can then be assigned to a variables.</doc>
<arguments>
<arg>{"sign_id": ${542}, "temp_id": ${56}, "mobiles": [16757836209]}</arg>
</arguments>
<assign>
<var>${data}</var>
</assign>
<msg timestamp="20191201 15:50:55.629" level="INFO">${data} = {"sign_id": 542, "temp_id": 56, "mobiles": [16757836209]}</msg>
<status status="PASS" starttime="20191201 15:50:55.628" endtime="20191201 15:50:55.629"></status>
</kw>
<kw name="Req Post" library="robot_commons.tsms_base.Tsmstest">
<doc>post请求方法封装</doc>
<arguments>
<arg>message</arg>
<arg>${data}</arg>
</arguments>
<msg timestamp="20191201 15:50:55.629" level="INFO">[当前被调用函数是]: req_post</msg>
<msg timestamp="20191201 15:50:55.630" level="INFO">[url_type is]: message</msg>
<msg timestamp="20191201 15:50:55.630" level="INFO">[data is]: {"sign_id": 542, "temp_id": 56, "mobiles": [16757836209]}</msg>
<msg timestamp="20191201 15:50:55.630" level="INFO">[当前请求的地址是]: http://192.168.0.125:5001/v1/message</msg>
<msg timestamp="20191201 15:50:55.630" level="INFO">[type(data)]:&lt;class 'str'&gt;{"sign_id": 542, "temp_id": 56, "mobiles": [16757836209]}</msg>
<msg timestamp="20191201 15:50:55.630" level="INFO">[传入的用户名，密码分别为]：lijihua,lijihua198915</msg>
<msg timestamp="20191201 15:50:55.838" level="INFO">[返回码是]： 200</msg>
<msg timestamp="20191201 15:50:55.838" level="INFO">[返回内容是]: {'uuid': '4e44cf34-140f-11ea-8a0f-acde48001122'}</msg>
<msg timestamp="20191201 15:50:55.838" level="INFO">20191201 15:50:55.629 :   INFO : [当前被调用函数是]: req_post
20191201 15:50:55.630 :   INFO : [url_type is]: message
20191201 15:50:55.630 :   INFO : [data is]: {"sign_id": 542, "temp_id": 56, "mobiles": [16757836209]}
20191201 15:50:55.630 :   INFO : [当前请求的地址是]: http://192.168.0.125:5001/v1/message
20191201 15:50:55.630 :   INFO : [type(data)]:&lt;class 'str'&gt;{"sign_id": 542, "temp_id": 56, "mobiles": [16757836209]}
20191201 15:50:55.630 :   INFO : [传入的用户名，密码分别为]：lijihua,lijihua198915
20191201 15:50:55.838 :   INFO : [返回码是]： 200
20191201 15:50:55.838 :   INFO : [返回内容是]: {'uuid': '4e44cf34-140f-11ea-8a0f-acde48001122'}</msg>
<status status="PASS" starttime="20191201 15:50:55.629" endtime="20191201 15:50:55.839"></status>
</kw>
<kw name="Get T Id" library="robot_commons.tsms_base.Tsmstest">
<assign>
<var>${uuid}</var>
</assign>
<msg timestamp="20191201 15:50:55.841" level="INFO">[当前被调用函数是]: get_t_id</msg>
<msg timestamp="20191201 15:50:55.842" level="INFO">20191201 15:50:55.841 :   INFO : [当前被调用函数是]: get_t_id</msg>
<msg timestamp="20191201 15:50:55.843" level="INFO">${uuid} = 4e44cf34-140f-11ea-8a0f-acde48001122</msg>
<status status="PASS" starttime="20191201 15:50:55.839" endtime="20191201 15:50:55.844"></status>
</kw>
<kw name="Check Status Code" library="robot_commons.tsms_base.Tsmstest">
<arguments>
<arg>200</arg>
</arguments>
<msg timestamp="20191201 15:50:55.845" level="INFO">[当前被调用函数是]: check_status_code</msg>
<msg timestamp="20191201 15:50:55.846" level="INFO">[code is]: 200</msg>
<msg timestamp="20191201 15:50:55.846" level="INFO">20191201 15:50:55.845 :   INFO : [当前被调用函数是]: check_status_code
20191201 15:50:55.846 :   INFO : [code is]: 200</msg>
<status status="PASS" starttime="20191201 15:50:55.844" endtime="20191201 15:50:55.847"></status>
</kw>
<kw name="Check Tsms Uuid" library="robot_commons.tsms_base.Tsmstest">
<msg timestamp="20191201 15:50:55.848" level="INFO">[当前被调用函数是]: check_tsms_uuid</msg>
<msg timestamp="20191201 15:50:55.849" level="INFO">20191201 15:50:55.848 :   INFO : [当前被调用函数是]: check_tsms_uuid</msg>
<status status="PASS" starttime="20191201 15:50:55.847" endtime="20191201 15:50:55.849"></status>
</kw>
<kw name="Tsms Select" library="robot_commons.tsms_db.OperationDb">
<doc>创建sql并调用执行sql方法execute_sql,返回执行结果
select *fields from table_name **kwargs</doc>
<arguments>
<arg>sms_send</arg>
<arg>mobile,status,consume</arg>
<arg>uuid=${uuid}</arg>
</arguments>
<assign>
<var>${real_res}</var>
</assign>
<msg timestamp="20191201 15:50:55.852" level="INFO">[当前被调用函数是]: tsms_select</msg>
<msg timestamp="20191201 15:50:55.853" level="INFO">[table_name is]: sms_send</msg>
<msg timestamp="20191201 15:50:55.853" level="INFO">[uuid is]: 4e44cf34-140f-11ea-8a0f-acde48001122</msg>
<msg timestamp="20191201 15:50:55.854" level="INFO">[now execute sql is]:select mobile,status,consume from sms_send where uuid="4e44cf34-140f-11ea-8a0f-acde48001122" </msg>
<msg timestamp="20191201 15:50:55.854" level="INFO">[当前被调用函数是]: execute_sql</msg>
<msg timestamp="20191201 15:50:55.854" level="INFO">[sql is]: select mobile,status,consume from sms_send where uuid="4e44cf34-140f-11ea-8a0f-acde48001122" </msg>
<msg timestamp="20191201 15:50:55.927" level="INFO">[execute result is]:[{'mobile': '16757836209', 'status': 'sending', 'consume': 1}]</msg>
<msg timestamp="20191201 15:50:55.927" level="INFO">tpye(res):&lt;class 'dict'&gt;, res:[{'mobile': '16757836209', 'status': 'sending', 'consume': 1}]</msg>
<msg timestamp="20191201 15:50:55.927" level="INFO">20191201 15:50:55.852 :   INFO : [当前被调用函数是]: tsms_select
20191201 15:50:55.853 :   INFO : [table_name is]: sms_send
20191201 15:50:55.853 :   INFO : [uuid is]: 4e44cf34-140f-11ea-8a0f-acde48001122
20191201 15:50:55.854 :   INFO : [now execute sql is]:select mobile,status,consume from sms_send where uuid="4e44cf34-140f-11ea-8a0f-acde48001122" 
20191201 15:50:55.854 :   INFO : [当前被调用函数是]: execute_sql
20191201 15:50:55.854 :   INFO : [sql is]: select mobile,status,consume from sms_send where uuid="4e44cf34-140f-11ea-8a0f-acde48001122" 
20191201 15:50:55.927 :   INFO : [execute result is]:[{'mobile': '16757836209', 'status': 'sending', 'consume': 1}]
20191201 15:50:55.927 :   INFO : tpye(res):&lt;class 'dict'&gt;, res:[{'mobile': '16757836209', 'status': 'sending', 'consume': 1}]</msg>
<msg timestamp="20191201 15:50:55.928" level="INFO">${real_res} = [{'mobile': '16757836209', 'status': 'sending', 'consume': 1}]</msg>
<status status="PASS" starttime="20191201 15:50:55.849" endtime="20191201 15:50:55.928"></status>
</kw>
<kw name="Check Res" library="robot_commons.tsms_db.OperationDb">
<arguments>
<arg>mobile</arg>
<arg>16757836209</arg>
</arguments>
<msg timestamp="20191201 15:50:55.929" level="INFO">[当前被调用函数是]: check_res</msg>
<msg timestamp="20191201 15:50:55.929" level="INFO">[key is]: mobile</msg>
<msg timestamp="20191201 15:50:55.929" level="INFO">[value is]: 16757836209</msg>
<msg timestamp="20191201 15:50:55.929" level="INFO">20191201 15:50:55.929 :   INFO : [当前被调用函数是]: check_res
20191201 15:50:55.929 :   INFO : [key is]: mobile
20191201 15:50:55.929 :   INFO : [value is]: 16757836209</msg>
<status status="PASS" starttime="20191201 15:50:55.928" endtime="20191201 15:50:55.930"></status>
</kw>
<kw name="Check Res" library="robot_commons.tsms_db.OperationDb">
<arguments>
<arg>status</arg>
<arg>sending</arg>
</arguments>
<msg timestamp="20191201 15:50:55.931" level="INFO">[当前被调用函数是]: check_res</msg>
<msg timestamp="20191201 15:50:55.931" level="INFO">[key is]: status</msg>
<msg timestamp="20191201 15:50:55.931" level="INFO">[value is]: sending</msg>
<msg timestamp="20191201 15:50:55.931" level="INFO">20191201 15:50:55.931 :   INFO : [当前被调用函数是]: check_res
20191201 15:50:55.931 :   INFO : [key is]: status
20191201 15:50:55.931 :   INFO : [value is]: sending</msg>
<status status="PASS" starttime="20191201 15:50:55.930" endtime="20191201 15:50:55.932"></status>
</kw>
<kw name="Check Res" library="robot_commons.tsms_db.OperationDb">
<arguments>
<arg>consume</arg>
<arg>1</arg>
</arguments>
<msg timestamp="20191201 15:50:55.933" level="INFO">[当前被调用函数是]: check_res</msg>
<msg timestamp="20191201 15:50:55.933" level="INFO">[key is]: consume</msg>
<msg timestamp="20191201 15:50:55.933" level="INFO">[value is]: 1</msg>
<msg timestamp="20191201 15:50:55.934" level="INFO">20191201 15:50:55.933 :   INFO : [当前被调用函数是]: check_res
20191201 15:50:55.933 :   INFO : [key is]: consume
20191201 15:50:55.933 :   INFO : [value is]: 1</msg>
<status status="PASS" starttime="20191201 15:50:55.932" endtime="20191201 15:50:55.934"></status>
</kw>
<tags>
<tag>level1</tag>
</tags>
<status status="PASS" starttime="20191201 15:50:55.627" endtime="20191201 15:50:55.934" critical="yes"></status>
</test>
<doc>Suite description</doc>
<status status="PASS" starttime="20191201 15:50:53.865" endtime="20191201 15:50:55.936"></status>
</suite>
<status status="PASS" starttime="20191201 15:50:53.817" endtime="20191201 15:50:55.938"></status>
</suite>
<statistics>
<total>
<stat pass="1" fail="0">Critical Tests</stat>
<stat pass="1" fail="0">All Tests</stat>
</total>
<tag>
<stat pass="1" fail="0">level1</stat>
</tag>
<suite>
<stat pass="1" fail="0" id="s1" name="Tsms Send">Tsms Send</stat>
<stat pass="1" fail="0" id="s1-s1" name="Send Api">Tsms Send.Send Api</stat>
</suite>
</statistics>
<errors>
</errors>
</robot>
